<?xml version="1.0" encoding="UTF-8"?>
<TestRun id="3e2815a6-faae-4c80-9570-6394b6a14127" name="admin@ADMIN-PC 2012-08-09 17:13:03" runUser="admin-PC\admin" xmlns="http://microsoft.com/schemas/VisualStudio/TeamTest/2010">
  <TestSettings name="Local" id="82f59dc1-3363-4347-b827-c222bb016f93">
    <Description>These are default test settings for a local test run.</Description>
    <Deployment enabled="false" runDeploymentRoot="admin_ADMIN-PC 2012-08-09 17_13_03">
      <DeploymentItem filename="E:\Demo\SimpleWCF\packages\Moq.4.0.10827\lib\NET40\Moq.dll" />
      <DeploymentItem filename="E:\Demo\SimpleWCF\Dependencies\Framework\Framework.Service.Infrastructure.dll" />
      <DeploymentItem filename="E:\Demo\SimpleWCF\SimpleWCF.Logic\bin\Debug\SimpleWCF.Logic.dll" />
      <DeploymentItem filename="E:\Demo\SimpleWCF\SimpleWCF.Contract\bin\Debug\SimpleWCF.Contract.dll" />
    </Deployment>
    <Execution>
      <TestTypeSpecific />
      <AgentRule name="Execution Agents">
      </AgentRule>
    </Execution>
  </TestSettings>
  <Times creation="2012-08-09T17:13:03.4824980+08:00" queuing="2012-08-09T17:13:04.5415586+08:00" start="2012-08-09T17:13:04.7025678+08:00" finish="2012-08-09T17:13:19.5224155+08:00" />
  <ResultSummary outcome="Error">
    <Counters total="4" executed="1" error="0" failed="0" timeout="0" aborted="1" inconclusive="0" passedButRunAborted="0" notRunnable="0" notExecuted="3" disconnected="0" warning="0" passed="0" completed="0" inProgress="0" pending="0" />
    <RunInfos>
      <RunInfo computerName="ADMIN-PC" outcome="Error" timestamp="2012-08-09T17:13:19.5204153+08:00">
        <Text>Test host process exited unexpectedly.</Text>
      </RunInfo>
    </RunInfos>
  </ResultSummary>
  <TestDefinitions>
    <UnitTest name="MulOperatorTest" storage="e:\demo\simplewcf\operatortest\bin\debug\operatortest.dll" id="e4546eba-d98d-8353-8cc9-8560d0b8ffcc">
      <Execution id="8eb86bf4-5c30-49db-9bf2-d953e5e3379b" />
      <TestMethod codeBase="E:/Demo/SimpleWCF/OperatorTest/bin/Debug/OperatorTest.DLL" adapterTypeName="Microsoft.VisualStudio.TestTools.TestTypes.Unit.UnitTestAdapter, Microsoft.VisualStudio.QualityTools.Tips.UnitTest.Adapter, Version=10.0.0.0, Culture=neutral, PublicKeyToken=b03f5f7f11d50a3a" className="OperatorTest.LogicTest, OperatorTest, Version=1.0.0.0, Culture=neutral, PublicKeyToken=null" name="MulOperatorTest" />
    </UnitTest>
    <UnitTest name="DivideOperator" storage="e:\demo\simplewcf\operatortest\bin\debug\operatortest.dll" id="a677a80e-c39f-05e1-e5ce-cdb6c3f7c2f6">
      <Execution id="b745d64a-5b08-4df4-bf33-6acb461201be" />
      <TestMethod codeBase="E:/Demo/SimpleWCF/OperatorTest/bin/Debug/OperatorTest.DLL" adapterTypeName="Microsoft.VisualStudio.TestTools.TestTypes.Unit.UnitTestAdapter, Microsoft.VisualStudio.QualityTools.Tips.UnitTest.Adapter, Version=10.0.0.0, Culture=neutral, PublicKeyToken=b03f5f7f11d50a3a" className="OperatorTest.LogicTest, OperatorTest, Version=1.0.0.0, Culture=neutral, PublicKeyToken=null" name="DivideOperator" />
    </UnitTest>
    <UnitTest name="SubOperatorTest" storage="e:\demo\simplewcf\operatortest\bin\debug\operatortest.dll" id="0f40c0b0-533c-213b-6679-a6aa1d59f526">
      <Execution id="3193718f-d15a-4d1e-889a-19d87598a9f1" />
      <TestMethod codeBase="E:/Demo/SimpleWCF/OperatorTest/bin/Debug/OperatorTest.DLL" adapterTypeName="Microsoft.VisualStudio.TestTools.TestTypes.Unit.UnitTestAdapter, Microsoft.VisualStudio.QualityTools.Tips.UnitTest.Adapter, Version=10.0.0.0, Culture=neutral, PublicKeyToken=b03f5f7f11d50a3a" className="OperatorTest.LogicTest, OperatorTest, Version=1.0.0.0, Culture=neutral, PublicKeyToken=null" name="SubOperatorTest" />
    </UnitTest>
    <UnitTest name="AddOperatorTest" storage="e:\demo\simplewcf\operatortest\bin\debug\operatortest.dll" id="1c179e00-143e-e313-ac4f-11f7cff75811">
      <Execution id="fbfb6d41-b2ed-4529-b6ee-9569d4c14fa7" />
      <TestMethod codeBase="E:/Demo/SimpleWCF/OperatorTest/bin/Debug/OperatorTest.DLL" adapterTypeName="Microsoft.VisualStudio.TestTools.TestTypes.Unit.UnitTestAdapter, Microsoft.VisualStudio.QualityTools.Tips.UnitTest.Adapter, Version=10.0.0.0, Culture=neutral, PublicKeyToken=b03f5f7f11d50a3a" className="OperatorTest.LogicTest, OperatorTest, Version=1.0.0.0, Culture=neutral, PublicKeyToken=null" name="AddOperatorTest" />
    </UnitTest>
  </TestDefinitions>
  <TestLists>
    <TestList name="Results Not in a List" id="8c84fa94-04c1-424b-9868-57a2d4851a1d" />
    <TestList name="All Loaded Results" id="19431567-8539-422a-85d7-44ee4e166bda" />
  </TestLists>
  <TestEntries>
    <TestEntry testId="0f40c0b0-533c-213b-6679-a6aa1d59f526" executionId="3193718f-d15a-4d1e-889a-19d87598a9f1" testListId="8c84fa94-04c1-424b-9868-57a2d4851a1d" />
    <TestEntry testId="1c179e00-143e-e313-ac4f-11f7cff75811" executionId="fbfb6d41-b2ed-4529-b6ee-9569d4c14fa7" testListId="8c84fa94-04c1-424b-9868-57a2d4851a1d" />
    <TestEntry testId="a677a80e-c39f-05e1-e5ce-cdb6c3f7c2f6" executionId="b745d64a-5b08-4df4-bf33-6acb461201be" testListId="8c84fa94-04c1-424b-9868-57a2d4851a1d" />
    <TestEntry testId="e4546eba-d98d-8353-8cc9-8560d0b8ffcc" executionId="8eb86bf4-5c30-49db-9bf2-d953e5e3379b" testListId="8c84fa94-04c1-424b-9868-57a2d4851a1d" />
  </TestEntries>
  <Results>
    <UnitTestResult executionId="3193718f-d15a-4d1e-889a-19d87598a9f1" testId="0f40c0b0-533c-213b-6679-a6aa1d59f526" testName="SubOperatorTest" computerName="ADMIN-PC" duration="00:00:14.6548382" startTime="2012-08-09T17:13:04.8665772+08:00" endTime="2012-08-09T17:13:19.5214154+08:00" testType="13cdc9d9-ddb5-4fa4-a97d-d965ccfc6d4b" outcome="Aborted" testListId="8c84fa94-04c1-424b-9868-57a2d4851a1d" relativeResultsDirectory="3193718f-d15a-4d1e-889a-19d87598a9f1">
    </UnitTestResult>
    <UnitTestResult executionId="fbfb6d41-b2ed-4529-b6ee-9569d4c14fa7" testId="1c179e00-143e-e313-ac4f-11f7cff75811" testName="AddOperatorTest" computerName="ADMIN-PC" testType="13cdc9d9-ddb5-4fa4-a97d-d965ccfc6d4b" outcome="NotExecuted" testListId="8c84fa94-04c1-424b-9868-57a2d4851a1d" relativeResultsDirectory="fbfb6d41-b2ed-4529-b6ee-9569d4c14fa7">
    </UnitTestResult>
    <UnitTestResult executionId="b745d64a-5b08-4df4-bf33-6acb461201be" testId="a677a80e-c39f-05e1-e5ce-cdb6c3f7c2f6" testName="DivideOperator" computerName="ADMIN-PC" testType="13cdc9d9-ddb5-4fa4-a97d-d965ccfc6d4b" outcome="NotExecuted" testListId="8c84fa94-04c1-424b-9868-57a2d4851a1d" relativeResultsDirectory="b745d64a-5b08-4df4-bf33-6acb461201be">
    </UnitTestResult>
    <UnitTestResult executionId="8eb86bf4-5c30-49db-9bf2-d953e5e3379b" testId="e4546eba-d98d-8353-8cc9-8560d0b8ffcc" testName="MulOperatorTest" computerName="ADMIN-PC" testType="13cdc9d9-ddb5-4fa4-a97d-d965ccfc6d4b" outcome="NotExecuted" testListId="8c84fa94-04c1-424b-9868-57a2d4851a1d" relativeResultsDirectory="8eb86bf4-5c30-49db-9bf2-d953e5e3379b">
    </UnitTestResult>
  </Results>
</TestRun>