<?xml version="1.0" encoding="UTF-8"?>
<TestRun id="ab09b923-91ea-46f5-a7d4-1f47c61e6028" name="admin@ADMIN-PC 2012-08-08 10:46:33" runUser="admin-PC\admin" xmlns="http://microsoft.com/schemas/VisualStudio/TeamTest/2010">
  <TestSettings name="Local" id="82f59dc1-3363-4347-b827-c222bb016f93">
    <Description>These are default test settings for a local test run.</Description>
    <Deployment enabled="false" runDeploymentRoot="admin_ADMIN-PC 2012-08-08 10_46_33">
      <DeploymentItem filename="E:\Demo\SimpleWCF\Dependencies\packages\Moq.4.0.10827\lib\NET40\Moq.dll" />
      <DeploymentItem filename="E:\Demo\SimpleWCF\SimpleWCF.Logic\bin\Debug\SimpleWCF.Logic.dll" />
      <DeploymentItem filename="E:\Demo\SimpleWCF\SimpleWCF.Contract\bin\Debug\SimpleWCF.Contract.dll" />
    </Deployment>
    <Execution>
      <TestTypeSpecific />
      <AgentRule name="Execution Agents">
      </AgentRule>
    </Execution>
  </TestSettings>
  <Times creation="2012-08-08T10:46:33.5416747+08:00" queuing="2012-08-08T10:46:34.7377431+08:00" start="2012-08-08T10:46:34.8307484+08:00" finish="2012-08-08T10:46:35.5527897+08:00" />
  <ResultSummary outcome="Completed">
    <Counters total="2" executed="2" passed="2" error="0" failed="0" timeout="0" aborted="0" inconclusive="0" passedButRunAborted="0" notRunnable="0" notExecuted="0" disconnected="0" warning="0" completed="0" inProgress="0" pending="0" />
  </ResultSummary>
  <TestDefinitions>
    <UnitTest name="SubOperatorTest" storage="e:\demo\simplewcf\operatortest\bin\debug\operatortest.dll" id="0f40c0b0-533c-213b-6679-a6aa1d59f526">
      <Execution id="1ae6a4cd-d25e-4541-a8f6-3abd274ad6b4" />
      <TestMethod codeBase="E:/Demo/SimpleWCF/OperatorTest/bin/Debug/OperatorTest.DLL" adapterTypeName="Microsoft.VisualStudio.TestTools.TestTypes.Unit.UnitTestAdapter, Microsoft.VisualStudio.QualityTools.Tips.UnitTest.Adapter, Version=10.0.0.0, Culture=neutral, PublicKeyToken=b03f5f7f11d50a3a" className="OperatorTest.LogicTest, OperatorTest, Version=1.0.0.0, Culture=neutral, PublicKeyToken=null" name="SubOperatorTest" />
    </UnitTest>
    <UnitTest name="AddOperatorTest" storage="e:\demo\simplewcf\operatortest\bin\debug\operatortest.dll" id="1c179e00-143e-e313-ac4f-11f7cff75811">
      <Execution id="e3c6003e-3691-4606-b251-d851cb37c7e0" />
      <TestMethod codeBase="E:/Demo/SimpleWCF/OperatorTest/bin/Debug/OperatorTest.DLL" adapterTypeName="Microsoft.VisualStudio.TestTools.TestTypes.Unit.UnitTestAdapter, Microsoft.VisualStudio.QualityTools.Tips.UnitTest.Adapter, Version=10.0.0.0, Culture=neutral, PublicKeyToken=b03f5f7f11d50a3a" className="OperatorTest.LogicTest, OperatorTest, Version=1.0.0.0, Culture=neutral, PublicKeyToken=null" name="AddOperatorTest" />
    </UnitTest>
  </TestDefinitions>
  <TestLists>
    <TestList name="Results Not in a List" id="8c84fa94-04c1-424b-9868-57a2d4851a1d" />
    <TestList name="All Loaded Results" id="19431567-8539-422a-85d7-44ee4e166bda" />
  </TestLists>
  <TestEntries>
    <TestEntry testId="0f40c0b0-533c-213b-6679-a6aa1d59f526" executionId="1ae6a4cd-d25e-4541-a8f6-3abd274ad6b4" testListId="8c84fa94-04c1-424b-9868-57a2d4851a1d" />
    <TestEntry testId="1c179e00-143e-e313-ac4f-11f7cff75811" executionId="e3c6003e-3691-4606-b251-d851cb37c7e0" testListId="8c84fa94-04c1-424b-9868-57a2d4851a1d" />
  </TestEntries>
  <Results>
    <UnitTestResult executionId="1ae6a4cd-d25e-4541-a8f6-3abd274ad6b4" testId="0f40c0b0-533c-213b-6679-a6aa1d59f526" testName="SubOperatorTest" computerName="ADMIN-PC" duration="00:00:00.0186283" startTime="2012-08-08T10:46:34.8677505+08:00" endTime="2012-08-08T10:46:35.4627846+08:00" testType="13cdc9d9-ddb5-4fa4-a97d-d965ccfc6d4b" outcome="Passed" testListId="8c84fa94-04c1-424b-9868-57a2d4851a1d" relativeResultsDirectory="1ae6a4cd-d25e-4541-a8f6-3abd274ad6b4">
    </UnitTestResult>
    <UnitTestResult executionId="e3c6003e-3691-4606-b251-d851cb37c7e0" testId="1c179e00-143e-e313-ac4f-11f7cff75811" testName="AddOperatorTest" computerName="ADMIN-PC" duration="00:00:00.0008566" startTime="2012-08-08T10:46:35.4717851+08:00" endTime="2012-08-08T10:46:35.4777854+08:00" testType="13cdc9d9-ddb5-4fa4-a97d-d965ccfc6d4b" outcome="Passed" testListId="8c84fa94-04c1-424b-9868-57a2d4851a1d" relativeResultsDirectory="e3c6003e-3691-4606-b251-d851cb37c7e0">
    </UnitTestResult>
  </Results>
</TestRun>